<?xml version="1.0" encoding="UTF-8"?>
<testsuite xmlns:xsi="http://www.w3.org/2001/XMLSchema-instance" xsi:noNamespaceSchemaLocation="https://maven.apache.org/surefire/maven-surefire-plugin/xsd/surefire-test-report.xsd" version="3.0.2" name="com.app.todoApp.TodoAppApplicationTests" time="1.936" tests="1" errors="0" skipped="0" failures="0">
  <properties>
[...]
</properties>
  <testcase name="contextLoads" classname="com.app.todoApp.TodoAppApplicationTests" time="0.244">
    <system-out><![CDATA[16:23:29.545 [main] INFO org.springframework.test.context.support.AnnotationConfigContextLoaderUtils -- Could not detect default configuration classes for test class [com.app.todoApp.TodoAppApplicationTests]: TodoAppApplicationTests does not declare any static, non-private, non-final, nested classes annotated with @Configuration.
16:23:29.596 [main] INFO org.springframework.boot.test.context.SpringBootTestContextBootstrapper -- Found @SpringBootConfiguration com.app.todoApp.TodoAppApplication for test class com.app.todoApp.TodoAppApplicationTests

  .   ____          _            __ _ _
 /\\ / ___'_ __ _ _(_)_ __  __ _ \ \ \ \
( ( )\___ | '_ | '_| | '_ \/ _` | \ \ \ \
 \\/  ___)| |_)| | | | | || (_| |  ) ) ) )
  '  |____| .__|_| |_|_| |_\__, | / / / /
 =========|_|==============|___/=/_/_/_/

 :: Spring Boot ::                (v3.5.0)

2025-06-22T16:23:29.771+05:30  INFO 14812 --- [todoApp] [           main] c.app.todoApp.TodoAppApplicationTests    : Starting TodoAppApplicationTests using Java 24.0.1 with PID 14812 (started by yashudaiwal in /Users/yashudaiwal/Desktop/InjelliJ/workspace/TODO-App)
2025-06-22T16:23:29.772+05:30  INFO 14812 --- [todoApp] [           main] c.app.todoApp.TodoAppApplicationTests    : No active profile set, falling back to 1 default profile: "default"
2025-06-22T16:23:30.021+05:30  INFO 14812 --- [todoApp] [           main] .s.d.r.c.RepositoryConfigurationDelegate : Bootstrapping Spring Data JPA repositories in DEFAULT mode.
2025-06-22T16:23:30.040+05:30  INFO 14812 --- [todoApp] [           main] .s.d.r.c.RepositoryConfigurationDelegate : Finished Spring Data repository scanning in 15 ms. Found 1 JPA repository interface.
2025-06-22T16:23:30.198+05:30  INFO 14812 --- [todoApp] [           main] o.hibernate.jpa.internal.util.LogHelper  : HHH000204: Processing PersistenceUnitInfo [name: default]
2025-06-22T16:23:30.222+05:30  INFO 14812 --- [todoApp] [           main] org.hibernate.Version                    : HHH000412: Hibernate ORM core version 6.6.15.Final
2025-06-22T16:23:30.235+05:30  INFO 14812 --- [todoApp] [           main] o.h.c.internal.RegionFactoryInitiator    : HHH000026: Second-level cache disabled
2025-06-22T16:23:30.368+05:30  INFO 14812 --- [todoApp] [           main] o.s.o.j.p.SpringPersistenceUnitInfo      : No LoadTimeWeaver setup: ignoring JPA class transformer
2025-06-22T16:23:30.382+05:30  INFO 14812 --- [todoApp] [           main] com.zaxxer.hikari.HikariDataSource       : HikariPool-1 - Starting...
2025-06-22T16:23:30.490+05:30  INFO 14812 --- [todoApp] [           main] com.zaxxer.hikari.pool.HikariPool        : HikariPool-1 - Added connection org.postgresql.jdbc.PgConnection@5e385b6f
2025-06-22T16:23:30.490+05:30  INFO 14812 --- [todoApp] [           main] com.zaxxer.hikari.HikariDataSource       : HikariPool-1 - Start completed.
2025-06-22T16:23:30.517+05:30  WARN 14812 --- [todoApp] [           main] org.hibernate.orm.deprecation            : HHH90000025: PostgreSQLDialect does not need to be specified explicitly using 'hibernate.dialect' (remove the property setting and it will be selected by default)
2025-06-22T16:23:30.526+05:30  INFO 14812 --- [todoApp] [           main] org.hibernate.orm.connections.pooling    : HHH10001005: Database info:
	Database JDBC URL [Connecting through datasource 'HikariDataSource (HikariPool-1)']
	Database driver: undefined/unknown
	Database version: 17.5
	Autocommit mode: undefined/unknown
	Isolation level: undefined/unknown
	Minimum pool size: undefined/unknown
	Maximum pool size: undefined/unknown
2025-06-22T16:23:30.847+05:30  INFO 14812 --- [todoApp] [           main] o.h.e.t.j.p.i.JtaPlatformInitiator       : HHH000489: No JTA platform available (set 'hibernate.transaction.jta.platform' to enable JTA platform integration)
2025-06-22T16:23:30.877+05:30  INFO 14812 --- [todoApp] [           main] j.LocalContainerEntityManagerFactoryBean : Initialized JPA EntityManagerFactory for persistence unit 'default'
2025-06-22T16:23:31.013+05:30  WARN 14812 --- [todoApp] [           main] JpaBaseConfiguration$JpaWebConfiguration : spring.jpa.open-in-view is enabled by default. Therefore, database queries may be performed during view rendering. Explicitly configure spring.jpa.open-in-view to disable this warning
2025-06-22T16:23:31.171+05:30  INFO 14812 --- [todoApp] [           main] c.app.todoApp.TodoAppApplicationTests    : Started TodoAppApplicationTests in 1.512 seconds (process running for 1.902)
]]></system-out>
    <system-err><![CDATA[Mockito is currently self-attaching to enable the inline-mock-maker. This will no longer work in future releases of the JDK. Please add Mockito as an agent to your build as described in Mockito's documentation: https://javadoc.io/doc/org.mockito/mockito-core/latest/org.mockito/org/mockito/Mockito.html#0.3
WARNING: A Java agent has been loaded dynamically (/Users/yashudaiwal/.m2/repository/net/bytebuddy/byte-buddy-agent/1.17.5/byte-buddy-agent-1.17.5.jar)
WARNING: If a serviceability tool is in use, please run with -XX:+EnableDynamicAgentLoading to hide this warning
WARNING: If a serviceability tool is not in use, please run with -Djdk.instrument.traceUsage for more information
WARNING: Dynamic loading of agents will be disallowed by default in a future release
]]></system-err>
  </testcase>
</testsuite>